<?xml version="1.0" encoding="UTF-8"?>
<coverage generated="1496829864450" clover="3.2.0">
  <project timestamp="1496829864450" name="All files">
    <metrics statements="63" coveredstatements="59" conditionals="16" coveredconditionals="14" methods="31" coveredmethods="27" elements="110" coveredelements="100" complexity="0" loc="63" ncloc="63" packages="2" files="5" classes="5">
      <package name="app">
        <metrics statements="35" coveredstatements="33" conditionals="12" coveredconditionals="11" methods="17" coveredmethods="15"/>
        <file name="Clock.js" path="c:\projects\myprojects\ReactSession\code\my-react-jest\src\app\Clock.js">
          <metrics statements="10" coveredstatements="10" conditionals="2" coveredconditionals="2" methods="5" coveredmethods="4"/>
          <line num="5" count="8" type="stmt"/>
          <line num="6" count="8" type="stmt"/>
          <line num="7" count="8" type="stmt"/>
          <line num="8" count="8" type="stmt"/>
          <line num="9" count="8" type="stmt"/>
          <line num="16" count="6" type="stmt"/>
          <line num="17" count="6" type="cond" truecount="2" falsecount="0"/>
          <line num="18" count="2" type="stmt"/>
          <line num="20" count="4" type="stmt"/>
          <line num="28" count="6" type="stmt"/>
        </file>
        <file name="Countdown.form.js" path="c:\projects\myprojects\ReactSession\code\my-react-jest\src\app\Countdown.form.js">
          <metrics statements="19" coveredstatements="17" conditionals="8" coveredconditionals="7" methods="7" coveredmethods="6"/>
          <line num="5" count="5" type="stmt"/>
          <line num="6" count="5" type="stmt"/>
          <line num="9" count="5" type="stmt"/>
          <line num="10" count="5" type="stmt"/>
          <line num="12" count="5" type="stmt"/>
          <line num="13" count="5" type="stmt"/>
          <line num="14" count="0" type="stmt"/>
          <line num="18" count="2" type="stmt"/>
          <line num="21" count="1" type="stmt"/>
          <line num="22" count="1" type="stmt"/>
          <line num="25" count="2" type="stmt"/>
          <line num="26" count="2" type="cond" truecount="1" falsecount="1"/>
          <line num="27" count="2" type="stmt"/>
          <line num="28" count="2" type="cond" truecount="4" falsecount="0"/>
          <line num="29" count="1" type="stmt"/>
          <line num="30" count="1" type="stmt"/>
          <line num="33" count="0" type="stmt"/>
          <line num="37" count="11" type="cond" truecount="2" falsecount="0"/>
          <line num="38" count="11" type="stmt"/>
        </file>
        <file name="Countdown.js" path="c:\projects\myprojects\ReactSession\code\my-react-jest\src\app\Countdown.js">
          <metrics statements="6" coveredstatements="6" conditionals="2" coveredconditionals="2" methods="5" coveredmethods="5"/>
          <line num="6" count="3" type="stmt"/>
          <line num="7" count="3" type="stmt"/>
          <line num="11" count="3" type="cond" truecount="2" falsecount="0"/>
          <line num="15" count="2" type="stmt"/>
          <line num="16" count="2" type="stmt"/>
          <line num="20" count="3" type="stmt"/>
        </file>
      </package>
      <package name="utils">
        <metrics statements="28" coveredstatements="26" conditionals="4" coveredconditionals="3" methods="14" coveredmethods="12"/>
        <file name="AuthService.js" path="c:\projects\myprojects\ReactSession\code\my-react-jest\src\utils\AuthService.js">
          <metrics statements="20" coveredstatements="18" conditionals="4" coveredconditionals="3" methods="10" coveredmethods="8"/>
          <line num="7" count="5" type="stmt"/>
          <line num="8" count="5" type="stmt"/>
          <line num="9" count="5" type="stmt"/>
          <line num="11" count="5" type="stmt"/>
          <line num="13" count="5" type="stmt"/>
          <line num="17" count="0" type="stmt"/>
          <line num="21" count="5" type="stmt"/>
          <line num="25" count="2" type="stmt"/>
          <line num="29" count="6" type="stmt"/>
          <line num="30" count="6" type="cond" truecount="2" falsecount="0"/>
          <line num="34" count="0" type="stmt"/>
          <line num="38" count="6" type="stmt"/>
          <line num="42" count="1" type="stmt"/>
          <line num="45" count="5" type="stmt"/>
          <line num="46" count="5" type="cond" truecount="1" falsecount="1"/>
          <line num="47" count="5" type="stmt"/>
          <line num="48" count="5" type="stmt"/>
          <line num="49" count="5" type="stmt"/>
          <line num="52" count="5" type="stmt"/>
          <line num="53" count="5" type="stmt"/>
        </file>
        <file name="localStorage.js" path="c:\projects\myprojects\ReactSession\code\my-react-jest\src\utils\localStorage.js">
          <metrics statements="8" coveredstatements="8" conditionals="0" coveredconditionals="0" methods="4" coveredmethods="4"/>
          <line num="1" count="2" type="stmt"/>
          <line num="3" count="4" type="stmt"/>
          <line num="5" count="6" type="stmt"/>
          <line num="8" count="4" type="stmt"/>
          <line num="11" count="1" type="stmt"/>
          <line num="14" count="4" type="stmt"/>
          <line num="15" count="4" type="stmt"/>
          <line num="16" count="4" type="stmt"/>
        </file>
      </package>
    </metrics>
  </project>
</coverage>
