{"c:\\projects\\myprojects\\ReactSession\\code\\my-react-jest\\src\\app\\Clock.js": {"path":"c:\\projects\\myprojects\\ReactSession\\code\\my-react-jest\\src\\app\\Clock.js","statementMap":{"0":{"start":{"line":5,"column":16},"end":{"line":5,"column":27}},"1":{"start":{"line":6,"column":8},"end":{"line":6,"column":21}},"2":{"start":{"line":7,"column":8},"end":{"line":7,"column":23}},"3":{"start":{"line":8,"column":8},"end":{"line":8,"column":35}},"4":{"start":{"line":9,"column":8},"end":{"line":9,"column":38}},"5":{"start":{"line":16,"column":8},"end":{"line":16,"column":21}},"6":{"start":{"line":17,"column":8},"end":{"line":21,"column":9}},"7":{"start":{"line":18,"column":11},"end":{"line":18,"column":70}},"8":{"start":{"line":20,"column":12},"end":{"line":20,"column":51}},"9":{"start":{"line":28,"column":8},"end":{"line":30,"column":9}}},"fnMap":{"0":{"name":"(anonymous_0)","decl":{"start":{"line":4,"column":4},"end":{"line":4,"column":5}},"loc":{"start":{"line":4,"column":29},"end":{"line":10,"column":5}},"line":4},"1":{"name":"(anonymous_1)","decl":{"start":{"line":12,"column":4},"end":{"line":12,"column":5}},"loc":{"start":{"line":12,"column":23},"end":{"line":14,"column":5}},"line":12},"2":{"name":"(anonymous_2)","decl":{"start":{"line":15,"column":4},"end":{"line":15,"column":5}},"loc":{"start":{"line":15,"column":23},"end":{"line":22,"column":5}},"line":15},"3":{"name":"(anonymous_3)","decl":{"start":{"line":24,"column":4},"end":{"line":24,"column":5}},"loc":{"start":{"line":24,"column":24},"end":{"line":26,"column":5}},"line":24},"4":{"name":"(anonymous_4)","decl":{"start":{"line":27,"column":4},"end":{"line":27,"column":5}},"loc":{"start":{"line":27,"column":13},"end":{"line":31,"column":5}},"line":27}},"branchMap":{"0":{"loc":{"start":{"line":17,"column":8},"end":{"line":21,"column":9}},"type":"if","locations":[{"start":{"line":17,"column":8},"end":{"line":21,"column":9}},{"start":{"line":17,"column":8},"end":{"line":21,"column":9}}],"line":17}},"s":{"0":8,"1":8,"2":8,"3":8,"4":8,"5":6,"6":6,"7":2,"8":4,"9":6},"f":{"0":8,"1":0,"2":6,"3":3,"4":6},"b":{"0":[2,4]},"_coverageSchema":"332fd63041d2c1bcb487cc26dd0d5f7d97098a6c","hash":"9db953d694fe4a0c256fcb9a7b8d3fdac4edf38e"}
,"c:\\projects\\myprojects\\ReactSession\\code\\my-react-jest\\src\\app\\Countdown.form.js": {"path":"c:\\projects\\myprojects\\ReactSession\\code\\my-react-jest\\src\\app\\Countdown.form.js","statementMap":{"0":{"start":{"line":5,"column":8},"end":{"line":5,"column":21}},"1":{"start":{"line":6,"column":8},"end":{"line":6,"column":41}},"2":{"start":{"line":9,"column":8},"end":{"line":9,"column":38}},"3":{"start":{"line":10,"column":8},"end":{"line":10,"column":58}},"4":{"start":{"line":12,"column":8},"end":{"line":12,"column":40}},"5":{"start":{"line":13,"column":8},"end":{"line":15,"column":11}},"6":{"start":{"line":14,"column":12},"end":{"line":14,"column":62}},"7":{"start":{"line":18,"column":8},"end":{"line":18,"column":26}},"8":{"start":{"line":21,"column":8},"end":{"line":21,"column":27}},"9":{"start":{"line":22,"column":8},"end":{"line":22,"column":58}},"10":{"start":{"line":25,"column":8},"end":{"line":25,"column":27}},"11":{"start":{"line":26,"column":8},"end":{"line":34,"column":9}},"12":{"start":{"line":27,"column":29},"end":{"line":27,"column":52}},"13":{"start":{"line":28,"column":12},"end":{"line":31,"column":13}},"14":{"start":{"line":29,"column":16},"end":{"line":29,"column":45}},"15":{"start":{"line":30,"column":16},"end":{"line":30,"column":72}},"16":{"start":{"line":33,"column":12},"end":{"line":33,"column":46}},"17":{"start":{"line":37,"column":27},"end":{"line":37,"column":240}},"18":{"start":{"line":38,"column":8},"end":{"line":46,"column":10}}},"fnMap":{"0":{"name":"(anonymous_0)","decl":{"start":{"line":4,"column":4},"end":{"line":4,"column":5}},"loc":{"start":{"line":4,"column":23},"end":{"line":7,"column":5}},"line":4},"1":{"name":"(anonymous_1)","decl":{"start":{"line":8,"column":4},"end":{"line":8,"column":5}},"loc":{"start":{"line":8,"column":24},"end":{"line":16,"column":5}},"line":8},"2":{"name":"(anonymous_2)","decl":{"start":{"line":13,"column":38},"end":{"line":13,"column":39}},"loc":{"start":{"line":13,"column":44},"end":{"line":15,"column":9}},"line":13},"3":{"name":"(anonymous_3)","decl":{"start":{"line":17,"column":4},"end":{"line":17,"column":5}},"loc":{"start":{"line":17,"column":12},"end":{"line":19,"column":5}},"line":17},"4":{"name":"(anonymous_4)","decl":{"start":{"line":20,"column":4},"end":{"line":20,"column":5}},"loc":{"start":{"line":20,"column":13},"end":{"line":23,"column":5}},"line":20},"5":{"name":"(anonymous_5)","decl":{"start":{"line":24,"column":4},"end":{"line":24,"column":5}},"loc":{"start":{"line":24,"column":16},"end":{"line":35,"column":5}},"line":24},"6":{"name":"(anonymous_6)","decl":{"start":{"line":36,"column":4},"end":{"line":36,"column":5}},"loc":{"start":{"line":36,"column":13},"end":{"line":47,"column":5}},"line":36}},"branchMap":{"0":{"loc":{"start":{"line":26,"column":8},"end":{"line":34,"column":9}},"type":"if","locations":[{"start":{"line":26,"column":8},"end":{"line":34,"column":9}},{"start":{"line":26,"column":8},"end":{"line":34,"column":9}}],"line":26},"1":{"loc":{"start":{"line":28,"column":12},"end":{"line":31,"column":13}},"type":"if","locations":[{"start":{"line":28,"column":12},"end":{"line":31,"column":13}},{"start":{"line":28,"column":12},"end":{"line":31,"column":13}}],"line":28},"2":{"loc":{"start":{"line":28,"column":16},"end":{"line":28,"column":69}},"type":"binary-expr","locations":[{"start":{"line":28,"column":16},"end":{"line":28,"column":37}},{"start":{"line":28,"column":41},"end":{"line":28,"column":69}}],"line":28},"3":{"loc":{"start":{"line":37,"column":27},"end":{"line":37,"column":240}},"type":"cond-expr","locations":[{"start":{"line":37,"column":49},"end":{"line":37,"column":144}},{"start":{"line":37,"column":147},"end":{"line":37,"column":240}}],"line":37}},"s":{"0":5,"1":5,"2":5,"3":5,"4":5,"5":5,"6":0,"7":2,"8":1,"9":1,"10":2,"11":2,"12":2,"13":2,"14":1,"15":1,"16":0,"17":11,"18":11},"f":{"0":5,"1":5,"2":0,"3":2,"4":1,"5":2,"6":11},"b":{"0":[2,0],"1":[1,1],"2":[2,2],"3":[5,6]},"_coverageSchema":"332fd63041d2c1bcb487cc26dd0d5f7d97098a6c","hash":"9d972e72a7aeab8d18407406d1dc0a3c1b52c94f"}
,"c:\\projects\\myprojects\\ReactSession\\code\\my-react-jest\\src\\app\\Countdown.js": {"path":"c:\\projects\\myprojects\\ReactSession\\code\\my-react-jest\\src\\app\\Countdown.js","statementMap":{"0":{"start":{"line":6,"column":8},"end":{"line":6,"column":20}},"1":{"start":{"line":7,"column":8},"end":{"line":7,"column":24}},"2":{"start":{"line":11,"column":8},"end":{"line":11,"column":80}},"3":{"start":{"line":11,"column":27},"end":{"line":11,"column":69}},"4":{"start":{"line":11,"column":50},"end":{"line":11,"column":69}},"5":{"start":{"line":15,"column":8},"end":{"line":15,"column":33}},"6":{"start":{"line":16,"column":8},"end":{"line":16,"column":39}},"7":{"start":{"line":20,"column":8},"end":{"line":20,"column":42}}},"fnMap":{"0":{"name":"(anonymous_0)","decl":{"start":{"line":5,"column":4},"end":{"line":5,"column":5}},"loc":{"start":{"line":5,"column":22},"end":{"line":9,"column":5}},"line":5},"1":{"name":"(anonymous_1)","decl":{"start":{"line":10,"column":4},"end":{"line":10,"column":5}},"loc":{"start":{"line":10,"column":23},"end":{"line":12,"column":5}},"line":10},"2":{"name":"(anonymous_2)","decl":{"start":{"line":11,"column":20},"end":{"line":11,"column":21}},"loc":{"start":{"line":11,"column":25},"end":{"line":11,"column":71}},"line":11},"3":{"name":"(anonymous_3)","decl":{"start":{"line":14,"column":4},"end":{"line":14,"column":5}},"loc":{"start":{"line":14,"column":33},"end":{"line":17,"column":5}},"line":14},"4":{"name":"(anonymous_4)","decl":{"start":{"line":19,"column":4},"end":{"line":19,"column":5}},"loc":{"start":{"line":19,"column":12},"end":{"line":21,"column":5}},"line":19}},"branchMap":{"0":{"loc":{"start":{"line":11,"column":27},"end":{"line":11,"column":69}},"type":"if","locations":[{"start":{"line":11,"column":27},"end":{"line":11,"column":69}},{"start":{"line":11,"column":27},"end":{"line":11,"column":69}}],"line":11}},"s":{"0":3,"1":3,"2":3,"3":3,"4":2,"5":2,"6":2,"7":3},"f":{"0":3,"1":3,"2":3,"3":2,"4":3},"b":{"0":[2,1]},"_coverageSchema":"332fd63041d2c1bcb487cc26dd0d5f7d97098a6c","hash":"adfaa9b6ef4fb3860fa38f206f9aeac8878fe91f"}
,"c:\\projects\\myprojects\\ReactSession\\code\\my-react-jest\\src\\utils\\AuthService.js": {"path":"c:\\projects\\myprojects\\ReactSession\\code\\my-react-jest\\src\\utils\\AuthService.js","statementMap":{"0":{"start":{"line":7,"column":8},"end":{"line":7,"column":41}},"1":{"start":{"line":8,"column":8},"end":{"line":8,"column":43}},"2":{"start":{"line":9,"column":8},"end":{"line":9,"column":66}},"3":{"start":{"line":11,"column":8},"end":{"line":11,"column":73}},"4":{"start":{"line":13,"column":8},"end":{"line":13,"column":43}},"5":{"start":{"line":17,"column":8},"end":{"line":17,"column":42}},"6":{"start":{"line":21,"column":8},"end":{"line":21,"column":61}},"7":{"start":{"line":25,"column":8},"end":{"line":25,"column":25}},"8":{"start":{"line":29,"column":24},"end":{"line":29,"column":39}},"9":{"start":{"line":30,"column":8},"end":{"line":30,"column":56}},"10":{"start":{"line":34,"column":8},"end":{"line":34,"column":50}},"11":{"start":{"line":38,"column":8},"end":{"line":38,"column":48}},"12":{"start":{"line":42,"column":8},"end":{"line":42,"column":44}},"13":{"start":{"line":45,"column":22},"end":{"line":45,"column":42}},"14":{"start":{"line":46,"column":8},"end":{"line":46,"column":40}},"15":{"start":{"line":46,"column":26},"end":{"line":46,"column":38}},"16":{"start":{"line":47,"column":21},"end":{"line":47,"column":32}},"17":{"start":{"line":48,"column":8},"end":{"line":48,"column":38}},"18":{"start":{"line":49,"column":8},"end":{"line":49,"column":20}},"19":{"start":{"line":52,"column":31},"end":{"line":52,"column":65}},"20":{"start":{"line":53,"column":8},"end":{"line":53,"column":43}}},"fnMap":{"0":{"name":"(anonymous_0)","decl":{"start":{"line":5,"column":4},"end":{"line":5,"column":5}},"loc":{"start":{"line":5,"column":18},"end":{"line":14,"column":5}},"line":5},"1":{"name":"(anonymous_1)","decl":{"start":{"line":15,"column":4},"end":{"line":15,"column":5}},"loc":{"start":{"line":15,"column":33},"end":{"line":18,"column":5}},"line":15},"2":{"name":"(anonymous_2)","decl":{"start":{"line":19,"column":4},"end":{"line":19,"column":5}},"loc":{"start":{"line":19,"column":14},"end":{"line":22,"column":5}},"line":19},"3":{"name":"(anonymous_3)","decl":{"start":{"line":23,"column":4},"end":{"line":23,"column":5}},"loc":{"start":{"line":23,"column":12},"end":{"line":26,"column":5}},"line":23},"4":{"name":"(anonymous_4)","decl":{"start":{"line":27,"column":4},"end":{"line":27,"column":5}},"loc":{"start":{"line":27,"column":15},"end":{"line":31,"column":5}},"line":27},"5":{"name":"(anonymous_5)","decl":{"start":{"line":32,"column":4},"end":{"line":32,"column":5}},"loc":{"start":{"line":32,"column":21},"end":{"line":35,"column":5}},"line":32},"6":{"name":"(anonymous_6)","decl":{"start":{"line":36,"column":4},"end":{"line":36,"column":5}},"loc":{"start":{"line":36,"column":14},"end":{"line":39,"column":5}},"line":36},"7":{"name":"(anonymous_7)","decl":{"start":{"line":40,"column":4},"end":{"line":40,"column":5}},"loc":{"start":{"line":40,"column":12},"end":{"line":43,"column":5}},"line":40},"8":{"name":"(anonymous_8)","decl":{"start":{"line":44,"column":4},"end":{"line":44,"column":5}},"loc":{"start":{"line":44,"column":41},"end":{"line":50,"column":5}},"line":44},"9":{"name":"(anonymous_9)","decl":{"start":{"line":51,"column":4},"end":{"line":51,"column":5}},"loc":{"start":{"line":51,"column":26},"end":{"line":54,"column":5}},"line":51}},"branchMap":{"0":{"loc":{"start":{"line":30,"column":15},"end":{"line":30,"column":55}},"type":"binary-expr","locations":[{"start":{"line":30,"column":15},"end":{"line":30,"column":22}},{"start":{"line":30,"column":26},"end":{"line":30,"column":55}}],"line":30},"1":{"loc":{"start":{"line":46,"column":8},"end":{"line":46,"column":40}},"type":"if","locations":[{"start":{"line":46,"column":8},"end":{"line":46,"column":40}},{"start":{"line":46,"column":8},"end":{"line":46,"column":40}}],"line":46}},"s":{"0":5,"1":5,"2":5,"3":5,"4":5,"5":0,"6":5,"7":2,"8":6,"9":6,"10":0,"11":6,"12":1,"13":5,"14":5,"15":0,"16":5,"17":5,"18":5,"19":5,"20":5},"f":{"0":5,"1":0,"2":5,"3":2,"4":6,"5":0,"6":6,"7":1,"8":5,"9":5},"b":{"0":[6,5],"1":[0,5]},"_coverageSchema":"332fd63041d2c1bcb487cc26dd0d5f7d97098a6c","hash":"0bd682f9aff23fd842e0c4997bf7cce021135589"}
,"c:\\projects\\myprojects\\ReactSession\\code\\my-react-jest\\src\\utils\\localStorage.js": {"path":"c:\\projects\\myprojects\\ReactSession\\code\\my-react-jest\\src\\utils\\localStorage.js","statementMap":{"0":{"start":{"line":1,"column":0},"end":{"line":18,"column":2}},"1":{"start":{"line":3,"column":8},"end":{"line":13,"column":10}},"2":{"start":{"line":5,"column":16},"end":{"line":5,"column":33}},"3":{"start":{"line":8,"column":16},"end":{"line":8,"column":34}},"4":{"start":{"line":11,"column":16},"end":{"line":11,"column":33}},"5":{"start":{"line":14,"column":20},"end":{"line":14,"column":43}},"6":{"start":{"line":15,"column":22},"end":{"line":15,"column":99}},"7":{"start":{"line":16,"column":8},"end":{"line":16,"column":48}}},"fnMap":{"0":{"name":"(anonymous_0)","decl":{"start":{"line":2,"column":21},"end":{"line":2,"column":22}},"loc":{"start":{"line":2,"column":32},"end":{"line":17,"column":5}},"line":2},"1":{"name":"(anonymous_1)","decl":{"start":{"line":4,"column":21},"end":{"line":4,"column":22}},"loc":{"start":{"line":4,"column":36},"end":{"line":6,"column":13}},"line":4},"2":{"name":"(anonymous_2)","decl":{"start":{"line":7,"column":21},"end":{"line":7,"column":22}},"loc":{"start":{"line":7,"column":43},"end":{"line":9,"column":13}},"line":7},"3":{"name":"(anonymous_3)","decl":{"start":{"line":10,"column":24},"end":{"line":10,"column":25}},"loc":{"start":{"line":10,"column":39},"end":{"line":12,"column":13}},"line":10}},"branchMap":{},"s":{"0":2,"1":4,"2":6,"3":4,"4":1,"5":4,"6":4,"7":4},"f":{"0":4,"1":6,"2":4,"3":1},"b":{},"_coverageSchema":"332fd63041d2c1bcb487cc26dd0d5f7d97098a6c","hash":"793e741767bee8b9e844e2316aa5e26fbcca5910"}
}
