TN:
SF:c:\projects\myprojects\ReactSession\code\my-react-jest\src\app\Clock.js
FN:4,(anonymous_0)
FN:12,(anonymous_1)
FN:15,(anonymous_2)
FN:24,(anonymous_3)
FN:27,(anonymous_4)
FNF:5
FNH:4
FNDA:8,(anonymous_0)
FNDA:0,(anonymous_1)
FNDA:6,(anonymous_2)
FNDA:3,(anonymous_3)
FNDA:6,(anonymous_4)
DA:5,8
DA:6,8
DA:7,8
DA:8,8
DA:9,8
DA:16,6
DA:17,6
DA:18,2
DA:20,4
DA:28,6
LF:10
LH:10
BRDA:17,0,0,2
BRDA:17,0,1,4
BRF:2
BRH:2
end_of_record
TN:
SF:c:\projects\myprojects\ReactSession\code\my-react-jest\src\app\Countdown.form.js
FN:4,(anonymous_0)
FN:8,(anonymous_1)
FN:13,(anonymous_2)
FN:17,(anonymous_3)
FN:20,(anonymous_4)
FN:24,(anonymous_5)
FN:36,(anonymous_6)
FNF:7
FNH:6
FNDA:5,(anonymous_0)
FNDA:5,(anonymous_1)
FNDA:0,(anonymous_2)
FNDA:2,(anonymous_3)
FNDA:1,(anonymous_4)
FNDA:2,(anonymous_5)
FNDA:11,(anonymous_6)
DA:5,5
DA:6,5
DA:9,5
DA:10,5
DA:12,5
DA:13,5
DA:14,0
DA:18,2
DA:21,1
DA:22,1
DA:25,2
DA:26,2
DA:27,2
DA:28,2
DA:29,1
DA:30,1
DA:33,0
DA:37,11
DA:38,11
LF:19
LH:17
BRDA:26,0,0,2
BRDA:26,0,1,0
BRDA:28,1,0,1
BRDA:28,1,1,1
BRDA:28,2,0,2
BRDA:28,2,1,2
BRDA:37,3,0,5
BRDA:37,3,1,6
BRF:8
BRH:7
end_of_record
TN:
SF:c:\projects\myprojects\ReactSession\code\my-react-jest\src\app\Countdown.js
FN:5,(anonymous_0)
FN:10,(anonymous_1)
FN:11,(anonymous_2)
FN:14,(anonymous_3)
FN:19,(anonymous_4)
FNF:5
FNH:5
FNDA:3,(anonymous_0)
FNDA:3,(anonymous_1)
FNDA:3,(anonymous_2)
FNDA:2,(anonymous_3)
FNDA:3,(anonymous_4)
DA:6,3
DA:7,3
DA:11,3
DA:15,2
DA:16,2
DA:20,3
LF:6
LH:6
BRDA:11,0,0,2
BRDA:11,0,1,1
BRF:2
BRH:2
end_of_record
TN:
SF:c:\projects\myprojects\ReactSession\code\my-react-jest\src\utils\AuthService.js
FN:5,(anonymous_0)
FN:15,(anonymous_1)
FN:19,(anonymous_2)
FN:23,(anonymous_3)
FN:27,(anonymous_4)
FN:32,(anonymous_5)
FN:36,(anonymous_6)
FN:40,(anonymous_7)
FN:44,(anonymous_8)
FN:51,(anonymous_9)
FNF:10
FNH:8
FNDA:5,(anonymous_0)
FNDA:0,(anonymous_1)
FNDA:5,(anonymous_2)
FNDA:2,(anonymous_3)
FNDA:6,(anonymous_4)
FNDA:0,(anonymous_5)
FNDA:6,(anonymous_6)
FNDA:1,(anonymous_7)
FNDA:5,(anonymous_8)
FNDA:5,(anonymous_9)
DA:7,5
DA:8,5
DA:9,5
DA:11,5
DA:13,5
DA:17,0
DA:21,5
DA:25,2
DA:29,6
DA:30,6
DA:34,0
DA:38,6
DA:42,1
DA:45,5
DA:46,5
DA:47,5
DA:48,5
DA:49,5
DA:52,5
DA:53,5
LF:20
LH:18
BRDA:30,0,0,6
BRDA:30,0,1,5
BRDA:46,1,0,0
BRDA:46,1,1,5
BRF:4
BRH:3
end_of_record
TN:
SF:c:\projects\myprojects\ReactSession\code\my-react-jest\src\utils\localStorage.js
FN:2,(anonymous_0)
FN:4,(anonymous_1)
FN:7,(anonymous_2)
FN:10,(anonymous_3)
FNF:4
FNH:4
FNDA:4,(anonymous_0)
FNDA:6,(anonymous_1)
FNDA:4,(anonymous_2)
FNDA:1,(anonymous_3)
DA:1,2
DA:3,4
DA:5,6
DA:8,4
DA:11,1
DA:14,4
DA:15,4
DA:16,4
LF:8
LH:8
BRF:0
BRH:0
end_of_record
